  Game.cpp
C:\Projects\Enginus\EntityComponentSystem.h(74,36): error C2760: syntax error: '<' was unexpected here; expected ','
C:\Projects\Enginus\EntityComponentSystem.h(69,5): message : This diagnostic occurred in the compiler generated function 'T &Entity::AddComponent(TArgs &&...)'
C:\Projects\Enginus\EntityComponentSystem.h(74,37): error C2760: syntax error: 'T' was unexpected here; expected ']'
C:\Projects\Enginus\EntityComponentSystem.h(69,5): message : This diagnostic occurred in the compiler generated function 'T &Entity::AddComponent(TArgs &&...)'
C:\Projects\Enginus\EntityComponentSystem.h(74,38): error C3878: syntax error: unexpected token '>' following 'simple_declaration'
C:\Projects\Enginus\EntityComponentSystem.h(69,5): message : This diagnostic occurred in the compiler generated function 'T &Entity::AddComponent(TArgs &&...)'
C:\Projects\Enginus\EntityComponentSystem.h(74,38): message : error recovery skipped: '>'
C:\Projects\Enginus\EntityComponentSystem.h(69,5): message : This diagnostic occurred in the compiler generated function 'T &Entity::AddComponent(TArgs &&...)'
C:\Projects\Enginus\EntityComponentSystem.h(74,40): error C2760: syntax error: ')' was unexpected here; expected 'expression'
C:\Projects\Enginus\EntityComponentSystem.h(69,5): message : This diagnostic occurred in the compiler generated function 'T &Entity::AddComponent(TArgs &&...)'
C:\Projects\Enginus\EntityComponentSystem.h(74,40): error C2760: syntax error: ')' was unexpected here; expected ';'
C:\Projects\Enginus\EntityComponentSystem.h(69,5): message : This diagnostic occurred in the compiler generated function 'T &Entity::AddComponent(TArgs &&...)'
C:\Projects\Enginus\EntityComponentSystem.h(74,40): error C3878: syntax error: unexpected token ')' following 'expression_statement'
C:\Projects\Enginus\EntityComponentSystem.h(69,5): message : This diagnostic occurred in the compiler generated function 'T &Entity::AddComponent(TArgs &&...)'
C:\Projects\Enginus\EntityComponentSystem.h(74,40): message : error recovery skipped: ') ] ='
C:\Projects\Enginus\EntityComponentSystem.h(69,5): message : This diagnostic occurred in the compiler generated function 'T &Entity::AddComponent(TArgs &&...)'
C:\Projects\Enginus\EntityComponentSystem.h(75,37): error C2760: syntax error: '<' was unexpected here; expected ','
C:\Projects\Enginus\EntityComponentSystem.h(69,5): message : This diagnostic occurred in the compiler generated function 'T &Entity::AddComponent(TArgs &&...)'
C:\Projects\Enginus\EntityComponentSystem.h(75,38): error C2760: syntax error: 'T' was unexpected here; expected ']'
C:\Projects\Enginus\EntityComponentSystem.h(69,5): message : This diagnostic occurred in the compiler generated function 'T &Entity::AddComponent(TArgs &&...)'
C:\Projects\Enginus\EntityComponentSystem.h(75,39): error C3878: syntax error: unexpected token '>' following 'simple_declaration'
C:\Projects\Enginus\EntityComponentSystem.h(69,5): message : This diagnostic occurred in the compiler generated function 'T &Entity::AddComponent(TArgs &&...)'
C:\Projects\Enginus\EntityComponentSystem.h(75,39): message : error recovery skipped: '>'
C:\Projects\Enginus\EntityComponentSystem.h(69,5): message : This diagnostic occurred in the compiler generated function 'T &Entity::AddComponent(TArgs &&...)'
C:\Projects\Enginus\EntityComponentSystem.h(75,41): error C2760: syntax error: ')' was unexpected here; expected 'expression'
C:\Projects\Enginus\EntityComponentSystem.h(69,5): message : This diagnostic occurred in the compiler generated function 'T &Entity::AddComponent(TArgs &&...)'
C:\Projects\Enginus\EntityComponentSystem.h(75,41): error C2760: syntax error: ')' was unexpected here; expected ';'
C:\Projects\Enginus\EntityComponentSystem.h(69,5): message : This diagnostic occurred in the compiler generated function 'T &Entity::AddComponent(TArgs &&...)'
C:\Projects\Enginus\EntityComponentSystem.h(75,41): error C3878: syntax error: unexpected token ')' following 'expression_statement'
C:\Projects\Enginus\EntityComponentSystem.h(69,5): message : This diagnostic occurred in the compiler generated function 'T &Entity::AddComponent(TArgs &&...)'
C:\Projects\Enginus\EntityComponentSystem.h(75,41): message : error recovery skipped: ') ] ='
C:\Projects\Enginus\EntityComponentSystem.h(69,5): message : This diagnostic occurred in the compiler generated function 'T &Entity::AddComponent(TArgs &&...)'
